<?xml version="1.0" encoding="UTF-8"?>
<!-- Generated by org.testng.reporters.JUnitXMLReporter -->
<testsuite hostname="SPENCERLUO-PC" name="GrammarEdit" tests="4" failures="1" timestamp="1 Apr 2017 06:02:47 GMT" time="19.032" errors="0">
  <testcase name="f" time="14.542" classname="testcase.LoginCase">
    <failure type="java.lang.Exception" message="can&amp;apos;t click [Submit] in [LoginPage]">
      <![CDATA[java.lang.Exception: can't click [Submit] in [LoginPage]
	at utils.Actions.click(Actions.java:77)
	at modules.LoginModule.login(LoginModule.java:12)
	at testcase.LoginCase.f(LoginCase.java:17)
... Removed 24 stack frames]]>
    </failure>
  </testcase> <!-- f -->
  <testcase name="f" time="0.003" classname="testcase.MyTest"/>
  <testcase name="f" time="0.005" classname="testcase.NewTest"/>
  <testcase name="g" time="0.002" classname="testcase.NewTest">
    <skipped/>
  </testcase> <!-- g -->
</testsuite> <!-- GrammarEdit -->
